<?xml version="1.0" encoding="UTF-8"?>
<!-- Generated by org.testng.reporters.JUnitReportReporter -->
<testsuite skipped="0" hostname="DESKTOP-73SJ98M" name="demo.pages.mailTest" tests="2" failures="0" timestamp="07 Sep 2019 05:36:53 GMT" time="66.820" errors="0">
  <testcase name="checkEmail" time="35.483" classname="demo.pages.mailTest"/>
  <testcase name="checkEmail" time="31.337" classname="demo.pages.mailTest"/>
</testsuite> <!-- demo.pages.mailTest -->
