<?xml version="1.0" encoding="UTF-8"?>
<!-- Generated by org.testng.reporters.JUnitReportReporter -->
<testsuite skipped="0" hostname="DESKTOP-73SJ98M" name="Demo.EmailCheck.Email" tests="2" failures="0" timestamp="07 Sep 2019 03:48:29 GMT" time="66.357" errors="0">
  <testcase name="checkEmail" time="33.467" classname="Demo.EmailCheck.Email"/>
  <testcase name="checkEmail" time="32.890" classname="Demo.EmailCheck.Email"/>
</testsuite> <!-- Demo.EmailCheck.Email -->
