<?xml version="1.0" encoding="UTF-8"?>
<!-- Generated by org.testng.reporters.JUnitReportReporter -->
<testsuite skipped="0" hostname="DESKTOP-73SJ98M" name="demo.tests.mailTest" tests="2" failures="0" timestamp="07 Sep 2019 08:09:04 GMT" time="73.281" errors="0">
  <testcase name="checkEmail" time="37.983" classname="demo.tests.mailTest"/>
  <testcase name="checkEmail" time="35.298" classname="demo.tests.mailTest"/>
</testsuite> <!-- demo.tests.mailTest -->
