<?xml version="1.0" encoding="UTF-8"?>
<!-- Generated by org.testng.reporters.JUnitReportReporter -->
<testsuite skipped="0" hostname="DESKTOP-73SJ98M" name="Demo.EmailCheck.mailTest" tests="2" failures="0" timestamp="07 Sep 2019 04:58:10 GMT" time="74.543" errors="0">
  <testcase name="checkEmail" time="36.780" classname="Demo.EmailCheck.mailTest"/>
  <testcase name="checkEmail" time="37.763" classname="Demo.EmailCheck.mailTest"/>
</testsuite> <!-- Demo.EmailCheck.mailTest -->
