<?xml version="1.0" encoding="UTF-8"?>
<!-- Generated by org.testng.reporters.JUnitReportReporter -->
<testsuite skipped="0" hostname="DESKTOP-73SJ98M" name="Demo.EmailCheck.TestCase1" tests="2" failures="0" timestamp="07 Sep 2019 04:49:21 GMT" time="64.353" errors="0">
  <testcase name="checkEmail" time="33.235" classname="Demo.EmailCheck.TestCase1"/>
  <testcase name="checkEmail" time="31.118" classname="Demo.EmailCheck.TestCase1"/>
</testsuite> <!-- Demo.EmailCheck.TestCase1 -->
